c:\users\vitor\desktop\facul\paa\bmssp\bmssp\x64\debug\vc143.pdb
c:\users\vitor\desktop\facul\paa\bmssp\bmssp\x64\debug\vc143.idb
c:\users\vitor\desktop\facul\paa\bmssp\bmssp\x64\debug\solver.obj
c:\users\vitor\desktop\facul\paa\bmssp\bmssp\x64\debug\newfile.obj
c:\users\vitor\desktop\facul\paa\bmssp\bmssp\x64\debug\geragrafostestes.obj
c:\users\vitor\desktop\facul\paa\bmssp\bmssp\x64\debug\helpers.obj
c:\users\vitor\desktop\facul\paa\bmssp\bmssp\x64\debug\dijsktra.obj
c:\users\vitor\desktop\facul\paa\bmssp\x64\debug\bmssp.pdb
c:\users\vitor\desktop\facul\paa\bmssp\bmssp\x64\debug\bmssp.tlog\cl.command.1.tlog
c:\users\vitor\desktop\facul\paa\bmssp\bmssp\x64\debug\bmssp.tlog\cl.read.1.tlog
c:\users\vitor\desktop\facul\paa\bmssp\bmssp\x64\debug\bmssp.tlog\cl.write.1.tlog
c:\users\vitor\desktop\facul\paa\bmssp\bmssp\x64\debug\bmssp.tlog\link-cvtres.read.1.tlog
c:\users\vitor\desktop\facul\paa\bmssp\bmssp\x64\debug\bmssp.tlog\link-cvtres.write.1.tlog
c:\users\vitor\desktop\facul\paa\bmssp\bmssp\x64\debug\bmssp.tlog\link-rc.read.1.tlog
c:\users\vitor\desktop\facul\paa\bmssp\bmssp\x64\debug\bmssp.tlog\link-rc.write.1.tlog
c:\users\vitor\desktop\facul\paa\bmssp\bmssp\x64\debug\bmssp.tlog\link.command.1.tlog
c:\users\vitor\desktop\facul\paa\bmssp\bmssp\x64\debug\bmssp.tlog\link.read.1.tlog
c:\users\vitor\desktop\facul\paa\bmssp\bmssp\x64\debug\bmssp.tlog\link.read.2.tlog
c:\users\vitor\desktop\facul\paa\bmssp\bmssp\x64\debug\bmssp.tlog\link.read.3.tlog
c:\users\vitor\desktop\facul\paa\bmssp\bmssp\x64\debug\bmssp.tlog\link.read.4.tlog
c:\users\vitor\desktop\facul\paa\bmssp\bmssp\x64\debug\bmssp.tlog\link.write.1.tlog
